SF:lib/services/metrics_services.dart
DA:9,1
DA:11,0
DA:12,0
DA:13,0
DA:14,0
DA:15,0
DA:19,1
DA:20,1
DA:21,2
DA:22,2
DA:26,1
DA:27,1
DA:28,1
DA:29,1
DA:41,1
DA:43,0
DA:44,0
DA:45,0
DA:46,0
DA:47,0
DA:48,0
DA:49,0
DA:50,0
DA:54,1
DA:55,1
DA:56,2
DA:57,2
DA:58,2
DA:59,2
DA:60,6
DA:64,1
DA:65,1
DA:66,1
DA:67,1
DA:68,1
DA:69,1
DA:70,5
DA:78,0
DA:80,0
DA:82,0
DA:86,0
DA:87,0
DA:90,0
DA:92,0
DA:94,0
DA:98,0
DA:100,0
DA:102,0
LF:48
LH:24
end_of_record
SF:lib/view/steppers/form_widget.dart
DA:8,1
DA:15,1
DA:16,1
DA:25,1
DA:27,2
DA:29,1
DA:30,1
DA:31,1
DA:32,1
DA:33,1
DA:34,1
DA:35,3
DA:36,1
DA:37,1
DA:38,1
DA:44,1
DA:45,1
DA:46,1
DA:59,1
DA:60,1
DA:61,1
DA:67,1
DA:70,1
DA:71,1
DA:73,1
DA:75,1
DA:77,1
DA:78,1
DA:79,2
DA:88,1
DA:92,1
DA:93,1
DA:94,2
DA:95,1
DA:96,1
DA:97,2
DA:98,3
DA:99,1
DA:100,1
DA:103,1
DA:104,2
DA:108,2
DA:135,1
DA:139,1
DA:140,1
DA:141,2
DA:142,1
DA:143,0
DA:144,0
DA:145,0
DA:146,0
DA:147,0
DA:150,1
DA:151,2
DA:155,2
DA:182,1
DA:186,1
DA:187,1
DA:188,2
DA:189,1
DA:190,0
DA:191,0
DA:192,0
DA:193,0
DA:194,0
DA:197,1
DA:198,2
DA:202,2
LF:68
LH:58
end_of_record
SF:lib/view/steppers/feedback_widget.dart
DA:9,1
DA:17,1
DA:18,1
DA:25,1
DA:27,2
DA:29,1
DA:30,1
DA:31,1
DA:32,1
DA:33,1
DA:34,1
DA:35,3
DA:36,1
DA:37,1
DA:38,1
DA:44,1
DA:45,1
DA:46,1
DA:59,1
DA:60,1
DA:61,1
DA:67,1
DA:70,1
DA:71,1
DA:73,1
DA:75,1
DA:77,1
DA:78,1
DA:79,2
DA:86,1
DA:87,2
DA:115,1
DA:116,2
DA:144,1
DA:145,2
DA:146,1
DA:168,1
DA:169,3
DA:170,1
DA:171,1
DA:175,1
DA:180,2
DA:181,1
DA:183,1
DA:185,1
DA:193,1
DA:194,2
LF:47
LH:47
end_of_record
